proguard/mapping.txt
com.baidu.tts.loopj.LogInterface -> com.baidu.tts.loopj.LogInterface:
    int VERBOSE -> VERBOSE
    int DEBUG -> DEBUG
    int INFO -> INFO
    int WARN -> WARN
    int ERROR -> ERROR
    int WTF -> WTF
    boolean isLoggingEnabled() -> isLoggingEnabled
    void setLoggingEnabled(boolean) -> setLoggingEnabled
    int getLoggingLevel() -> getLoggingLevel
    void setLoggingLevel(int) -> setLoggingLevel
    boolean shouldLog(int) -> shouldLog
    void v(java.lang.String,java.lang.String) -> v
    void v(java.lang.String,java.lang.String,java.lang.Throwable) -> v
    void d(java.lang.String,java.lang.String) -> d
    void d(java.lang.String,java.lang.String,java.lang.Throwable) -> d
    void i(java.lang.String,java.lang.String) -> i
    void i(java.lang.String,java.lang.String,java.lang.Throwable) -> i
    void w(java.lang.String,java.lang.String) -> w
    void w(java.lang.String,java.lang.String,java.lang.Throwable) -> w
    void e(java.lang.String,java.lang.String) -> e
    void e(java.lang.String,java.lang.String,java.lang.Throwable) -> e
    void wtf(java.lang.String,java.lang.String) -> wtf
    void wtf(java.lang.String,java.lang.String,java.lang.Throwable) -> wtf
com.baidu.tts.loopj.MyRedirectHandler -> com.baidu.tts.loopj.MyRedirectHandler:
    java.lang.String REDIRECT_LOCATIONS -> REDIRECT_LOCATIONS
    boolean enableRedirects -> enableRedirects
    void <init>(boolean) -> <init>
    boolean isRedirectRequested(org.apache.http.HttpResponse,org.apache.http.protocol.HttpContext) -> isRedirectRequested
    java.net.URI getLocationURI(org.apache.http.HttpResponse,org.apache.http.protocol.HttpContext) -> getLocationURI
com.baidu.tts.loopj.MySSLSocketFactory -> com.baidu.tts.loopj.MySSLSocketFactory:
    javax.net.ssl.SSLContext sslContext -> sslContext
    void <init>(java.security.KeyStore) -> <init>
    java.net.Socket createSocket(java.net.Socket,java.lang.String,int,boolean) -> createSocket
    java.net.Socket createSocket() -> createSocket
    void fixHttpsURLConnection() -> fixHttpsURLConnection
    java.security.KeyStore getKeystoreOfCA(java.io.InputStream) -> getKeystoreOfCA
    java.security.KeyStore getKeystore() -> getKeystore
    org.apache.http.conn.ssl.SSLSocketFactory getFixedSocketFactory() -> getFixedSocketFactory
    org.apache.http.impl.client.DefaultHttpClient getNewHttpClient(java.security.KeyStore) -> getNewHttpClient
com.baidu.tts.loopj.PersistentCookieStore -> com.baidu.tts.loopj.PersistentCookieStore:
    java.lang.String LOG_TAG -> LOG_TAG
    java.lang.String COOKIE_PREFS -> COOKIE_PREFS
    java.lang.String COOKIE_NAME_STORE -> COOKIE_NAME_STORE
    java.lang.String COOKIE_NAME_PREFIX -> COOKIE_NAME_PREFIX
    boolean omitNonPersistentCookies -> omitNonPersistentCookies
    java.util.concurrent.ConcurrentHashMap cookies -> cookies
    android.content.SharedPreferences cookiePrefs -> cookiePrefs
    void <init>(android.content.Context) -> <init>
    void addCookie(org.apache.http.cookie.Cookie) -> addCookie
    void clear() -> clear
    boolean clearExpired(java.util.Date) -> clearExpired
    java.util.List getCookies() -> getCookies
    void setOmitNonPersistentCookies(boolean) -> setOmitNonPersistentCookies
    void deleteCookie(org.apache.http.cookie.Cookie) -> deleteCookie
    java.lang.String encodeCookie(com.baidu.tts.loopj.SerializableCookie) -> encodeCookie
    org.apache.http.cookie.Cookie decodeCookie(java.lang.String) -> decodeCookie
    java.lang.String byteArrayToHexString(byte[]) -> byteArrayToHexString
    byte[] hexStringToByteArray(java.lang.String) -> hexStringToByteArray
com.baidu.tts.loopj.PreemptiveAuthorizationHttpRequestInterceptor -> com.baidu.tts.loopj.PreemptiveAuthorizationHttpRequestInterceptor:
    void <init>() -> <init>
    void process(org.apache.http.HttpRequest,org.apache.http.protocol.HttpContext) -> process