proguard/usage.txt
it.sauronsoftware.ftp4j.FTPCommunicationChannel:
    104:105:public void removeCommunicationListener(it.sauronsoftware.ftp4j.FTPCommunicationListener)
    125:130:public it.sauronsoftware.ftp4j.FTPCommunicationListener[] getCommunicationListeners()
it.sauronsoftware.ftp4j.FTPConnector:
    108:109:public void setConnectionTimeout(int)
    119:120:public void setReadTimeout(int)
    130:131:public void setCloseTimeout(int)
    167:168:public void setUseSuggestedAddressForDataConnections(boolean)
    251:257:public void abortConnectForCommunicationChannel()
it.sauronsoftware.ftp4j.FTPDataTransferException:
    private static final long serialVersionUID
it.sauronsoftware.ftp4j.FTPException:
    private static final long serialVersionUID
    63:63:public int getCode()
it.sauronsoftware.ftp4j.FTPFile
it.sauronsoftware.ftp4j.FTPIllegalReplyException:
    private static final long serialVersionUID
it.sauronsoftware.ftp4j.FTPKeys
it.sauronsoftware.ftp4j.FTPListParseException
it.sauronsoftware.ftp4j.FTPListParser:
    public abstract it.sauronsoftware.ftp4j.FTPFile[] parse(java.lang.String[])
it.sauronsoftware.ftp4j.NVTASCIIWriter:
    private static final java.lang.String LINE_SEPARATOR
it.sauronsoftware.ftp4j.connectors.Base64
it.sauronsoftware.ftp4j.connectors.Base64InputStream
it.sauronsoftware.ftp4j.connectors.Base64OutputStream
it.sauronsoftware.ftp4j.connectors.FTPProxyConnector
it.sauronsoftware.ftp4j.connectors.HTTPTunnelConnector
it.sauronsoftware.ftp4j.connectors.SOCKS4Connector
it.sauronsoftware.ftp4j.connectors.SOCKS5Connector
it.sauronsoftware.ftp4j.extrecognizers.ParametricTextualExtensionRecognizer:
    39:58:public ParametricTextualExtensionRecognizer(java.lang.String[])
    39:75:public ParametricTextualExtensionRecognizer(java.util.ArrayList)
    97:101:public void removeExtension(java.lang.String)
    110:117:public java.lang.String[] getExtensions()
it.sauronsoftware.ftp4j.listparsers.DOSListParser:
    47:90:public it.sauronsoftware.ftp4j.FTPFile[] parse(java.lang.String[])
it.sauronsoftware.ftp4j.listparsers.EPLFListParser:
    36:97:public it.sauronsoftware.ftp4j.FTPFile[] parse(java.lang.String[])
    101:108:public static void main(java.lang.String[])
it.sauronsoftware.ftp4j.listparsers.MLSDListParser:
    53:65:public it.sauronsoftware.ftp4j.FTPFile[] parse(java.lang.String[])
    79:164:private it.sauronsoftware.ftp4j.FTPFile parseLine(java.lang.String)
it.sauronsoftware.ftp4j.listparsers.NetWareListParser:
    50:135:public it.sauronsoftware.ftp4j.FTPFile[] parse(java.lang.String[])
it.sauronsoftware.ftp4j.listparsers.UnixListParser:
    52:154:public it.sauronsoftware.ftp4j.FTPFile[] parse(java.lang.String[])
lock.AdminReceiver:
    private static final java.lang.String TAG
lock.LockActivity:
    38:75:public static void LockReceiver(android.content.Context)
lock.LockActivity$1
lock.LockService:
    public static final int OP_CLEAR_PWD
    public static final int OP_SET_PWD
    public static final int OP_SET_PWD_AND_LOCK
    public static final int OP_LOCK
    public static final int MY_REQUEST_CODE
lock.UnlockScreen:
    private static final int SLIDE_DOWN_TO_UP
    private static final int SLIDE_UP_TO_DOWN
    private static final int SLIDE_LEFT_TO_RIGHT
    private static final int SLIDE_RIGHT_TO_LEFT
notification.BaseNotificationJob:
    52:55:public boolean isEnable()
    79:79:public java.lang.String[] getTargetPackageName()
    87:88:public void setTargetPackageName(java.lang.String[])
    120:121:public void closeEventWorking()
notification.NotificationJob